[2018-05-11T00:04:53.849] [DEBUG] debugLogger - 
*************** debug log start ***************
key:msg
val:botting server...
*************** debug log end ***************

[2018-05-11T00:06:16.273] [DEBUG] debugLogger - 
*************** debug log start ***************
key:msg
val:botting server...
*************** debug log end ***************

[2018-05-11T00:07:49.408] [DEBUG] debugLogger - 
*************** debug log start ***************
key:msg
val:botting server...
*************** debug log end ***************

[2018-05-11T00:08:03.464] [DEBUG] debugLogger - 
*************** debug log start ***************
key:msg
val:botting server...
*************** debug log end ***************

[2018-05-11T00:09:03.496] [DEBUG] debugLogger - 
*************** debug log start ***************
key:msg
val:botting server...
*************** debug log end ***************

[2018-05-11T00:22:12.917] [DEBUG] debugLogger - 
*************** debug log start ***************
key:msg
val:botting server...
*************** debug log end ***************

[2018-05-11T00:22:15.048] [DEBUG] debugLogger - 
*************** debug log start ***************
key:msg
val:botting server...
*************** debug log end ***************

[2018-05-11T00:22:57.981] [DEBUG] debugLogger - 
*************** debug log start ***************
key:msg
val:botting server...
*************** debug log end ***************

[2018-05-11T00:23:22.942] [DEBUG] debugLogger - 
*************** debug log start ***************
key:msg
val:botting server...
*************** debug log end ***************

[2018-05-11T00:23:50.966] [DEBUG] debugLogger - 
*************** debug log start ***************
key:msg
val:botting server...
*************** debug log end ***************

[2018-05-11T00:23:52.778] [DEBUG] debugLogger - 
*************** debug log start ***************
key:msg
val:botting server...
*************** debug log end ***************

[2018-05-11T00:24:50.240] [DEBUG] debugLogger - 
*************** debug log start ***************
key:msg
val:botting server...
*************** debug log end ***************

[2018-05-11T00:25:02.984] [DEBUG] debugLogger - 
*************** debug log start ***************
key:msg
val:botting server...
*************** debug log end ***************

[2018-05-11T00:25:07.829] [DEBUG] debugLogger - 
*************** debug log start ***************
key:msg
val:botting server...
*************** debug log end ***************

[2018-05-11T00:25:31.672] [DEBUG] debugLogger - 
*************** debug log start ***************
key:msg
val:botting server...
*************** debug log end ***************

[2018-05-11T00:25:44.776] [DEBUG] debugLogger - 
*************** debug log start ***************
key:msg
val:botting server...
*************** debug log end ***************

[2018-05-11T00:26:21.277] [DEBUG] debugLogger - 
*************** debug log start ***************
key:msg
val:botting server...
*************** debug log end ***************

[2018-05-11T00:46:17.682] [DEBUG] debugLogger - 
*************** debug log start ***************
key:msg
val:botting server...
*************** debug log end ***************

[2018-05-11T00:46:23.372] [DEBUG] debugLogger - 
*************** debug log start ***************
key:msg
val:botting server...
*************** debug log end ***************

[2018-05-11T00:46:27.977] [DEBUG] debugLogger - 
*************** debug log start ***************
key:msg
val:botting server...
*************** debug log end ***************

[2018-05-11T00:46:35.343] [DEBUG] debugLogger - 
*************** debug log start ***************
key:msg
val:botting server...
*************** debug log end ***************

[2018-05-11T00:46:43.295] [DEBUG] debugLogger - 
*************** debug log start ***************
key:msg
val:botting server...
*************** debug log end ***************

[2018-05-11T00:49:37.295] [DEBUG] debugLogger - 
*************** debug log start ***************
key:msg
val:botting server...
*************** debug log end ***************

[2018-05-11T00:50:03.764] [DEBUG] debugLogger - 
*************** debug log start ***************
key:msg
val:botting server...
*************** debug log end ***************

[2018-05-11T00:50:29.635] [DEBUG] debugLogger - 
*************** debug log start ***************
key:msg
val:botting server...
*************** debug log end ***************

[2018-05-11T00:50:36.542] [DEBUG] debugLogger - 
*************** debug log start ***************
key:msg
val:botting server...
*************** debug log end ***************

[2018-05-11T00:50:53.227] [DEBUG] debugLogger - 
*************** debug log start ***************
key:msg
val:botting server...
*************** debug log end ***************

[2018-05-11T00:51:09.762] [DEBUG] debugLogger - 
*************** debug log start ***************
key:msg
val:botting server...
*************** debug log end ***************

[2018-05-11T00:51:32.971] [DEBUG] debugLogger - 
*************** debug log start ***************
key:msg
val:botting server...
*************** debug log end ***************

[2018-05-11T00:54:03.300] [DEBUG] debugLogger - 
*************** debug log start ***************
key:msg
val:botting server...
*************** debug log end ***************

[2018-05-11T00:54:10.795] [DEBUG] debugLogger - 
*************** debug log start ***************
key:msg
val:botting server...
*************** debug log end ***************

[2018-05-11T00:55:15.249] [DEBUG] debugLogger - 
*************** debug log start ***************
key:msg
val:botting server...
*************** debug log end ***************

