[2018-05-12T10:02:33.012] [DEBUG] debugLogger - 
*************** debug log start ***************
key:msg
val:botting server...
*************** debug log end ***************

[2018-05-12T10:03:04.895] [DEBUG] debugLogger - 
*************** debug log start ***************
key:msg
val:botting server...
*************** debug log end ***************

[2018-05-12T10:03:24.947] [DEBUG] debugLogger - 
*************** debug log start ***************
key:msg
val:botting server...
*************** debug log end ***************

[2018-05-12T10:03:38.188] [DEBUG] debugLogger - 
*************** debug log start ***************
key:msg
val:botting server...
*************** debug log end ***************

[2018-05-12T10:04:24.732] [DEBUG] debugLogger - 
*************** debug log start ***************
key:msg
val:botting server...
*************** debug log end ***************

[2018-05-12T10:04:40.933] [DEBUG] debugLogger - 
*************** debug log start ***************
key:msg
val:botting server...
*************** debug log end ***************

[2018-05-12T10:04:49.278] [DEBUG] debugLogger - 
*************** debug log start ***************
key:msg
val:botting server...
*************** debug log end ***************

[2018-05-12T10:05:05.886] [DEBUG] debugLogger - 
*************** debug log start ***************
key:msg
val:botting server...
*************** debug log end ***************

[2018-05-12T10:06:07.981] [DEBUG] debugLogger - 
*************** debug log start ***************
key:msg
val:botting server...
*************** debug log end ***************

[2018-05-12T10:06:35.940] [DEBUG] debugLogger - 
*************** debug log start ***************
key:msg
val:botting server...
*************** debug log end ***************

[2018-05-12T10:07:14.946] [DEBUG] debugLogger - 
*************** debug log start ***************
key:msg
val:botting server...
*************** debug log end ***************

[2018-05-12T10:11:31.977] [DEBUG] debugLogger - 
*************** debug log start ***************
key:msg
val:botting server...
*************** debug log end ***************

