[2018-05-10T22:52:20.980] [DEBUG] debugLogger - 
*************** debug log start ***************
key:msg
val:botting server...
*************** debug log end ***************

[2018-05-10T22:54:17.364] [DEBUG] debugLogger - 
*************** debug log start ***************
key:msg
val:botting server...
*************** debug log end ***************

[2018-05-10T22:57:30.036] [DEBUG] debugLogger - 
*************** debug log start ***************
key:msg
val:botting server...
*************** debug log end ***************

[2018-05-10T22:57:46.437] [DEBUG] debugLogger - 
*************** debug log start ***************
key:msg
val:botting server...
*************** debug log end ***************

[2018-05-10T22:58:13.985] [DEBUG] debugLogger - 
*************** debug log start ***************
key:msg
val:botting server...
*************** debug log end ***************

[2018-05-10T22:58:15.070] [DEBUG] debugLogger - 
*************** debug log start ***************
key:msg
val:botting server...
*************** debug log end ***************

