[2018-05-10T23:00:47.695] [DEBUG] debugLogger - 
*************** debug log start ***************
key:msg
val:botting server...
*************** debug log end ***************

[2018-05-10T23:00:59.228] [DEBUG] debugLogger - 
*************** debug log start ***************
key:msg
val:botting server...
*************** debug log end ***************

[2018-05-10T23:01:00.454] [DEBUG] debugLogger - 
*************** debug log start ***************
key:msg
val:botting server...
*************** debug log end ***************

[2018-05-10T23:37:11.929] [DEBUG] debugLogger - 
*************** debug log start ***************
key:msg
val:botting server...
*************** debug log end ***************

[2018-05-10T23:59:19.208] [DEBUG] debugLogger - 
*************** debug log start ***************
key:msg
val:botting server...
*************** debug log end ***************

